2016-11-10 22:26:14 Error: [Cake\Database\Exception] SQLSTATE[42S02]: Base table or view not found: 1146 Table 'viralatas.usuarios' doesn't exist
Stack Trace:
#0 /var/www/viralatas/vendor/cakephp/cakephp/src/Database/Schema/Collection.php(97): Cake\Database\Schema\Collection->_reflect('Column', 'usuarios', Array, Object(Cake\Database\Schema\Table))
#1 /var/www/viralatas/vendor/cakephp/cakephp/src/Database/Schema/CachedCollection.php(63): Cake\Database\Schema\Collection->describe('usuarios', Array)
#2 /var/www/viralatas/vendor/cakephp/cakephp/src/ORM/Table.php(440): Cake\Database\Schema\CachedCollection->describe('usuarios')
#3 /var/www/viralatas/vendor/cakephp/cakephp/src/ORM/Table.php(518): Cake\ORM\Table->schema()
#4 /var/www/viralatas/vendor/cakephp/bake/src/Shell/Task/ModelTask.php(210): Cake\ORM\Table->primaryKey()
#5 /var/www/viralatas/vendor/cakephp/bake/src/Shell/Task/ModelTask.php(127): Bake\Shell\Task\ModelTask->getAssociations(Object(Cake\ORM\Table))
#6 /var/www/viralatas/vendor/cakephp/bake/src/Shell/Task/ModelTask.php(110): Bake\Shell\Task\ModelTask->getTableContext(Object(Cake\ORM\Table), 'usuarios', 'Usuarios')
#7 /var/www/viralatas/vendor/cakephp/bake/src/Shell/Task/ModelTask.php(97): Bake\Shell\Task\ModelTask->bake('Usuarios')
#8 /var/www/viralatas/vendor/cakephp/bake/src/Shell/BakeShell.php(257): Bake\Shell\Task\ModelTask->main('Usuarios')
#9 /var/www/viralatas/vendor/cakephp/cakephp/src/Collection/CollectionTrait.php(52): Bake\Shell\BakeShell->Bake\Shell\{closure}('Usuarios', 0)
#10 /var/www/viralatas/vendor/cakephp/bake/src/Shell/BakeShell.php(260): Cake\Collection\Collection->each(Object(Closure))
#11 [internal function]: Bake\Shell\BakeShell->all('Usuarios')
#12 /var/www/viralatas/vendor/cakephp/cakephp/src/Console/Shell.php(452): call_user_func_array(Array, Array)
#13 /var/www/viralatas/vendor/cakephp/cakephp/src/Console/ShellDispatcher.php(227): Cake\Console\Shell->runCommand(Array, true, Array)
#14 /var/www/viralatas/vendor/cakephp/cakephp/src/Console/ShellDispatcher.php(182): Cake\Console\ShellDispatcher->_dispatch(Array)
#15 /var/www/viralatas/vendor/cakephp/cakephp/src/Console/ShellDispatcher.php(128): Cake\Console\ShellDispatcher->dispatch(Array)
#16 /var/www/viralatas/bin/cake.php(34): Cake\Console\ShellDispatcher::run(Array)
#17 {main}


2016-11-10 22:28:08 Error: [Cake\Database\Exception] SQLSTATE[42S02]: Base table or view not found: 1146 Table 'viralatas.usuarios' doesn't exist
Stack Trace:
#0 /var/www/viralatas/vendor/cakephp/cakephp/src/Database/Schema/Collection.php(97): Cake\Database\Schema\Collection->_reflect('Column', 'usuarios', Array, Object(Cake\Database\Schema\Table))
#1 /var/www/viralatas/vendor/cakephp/cakephp/src/Database/Schema/CachedCollection.php(63): Cake\Database\Schema\Collection->describe('usuarios', Array)
#2 /var/www/viralatas/vendor/cakephp/cakephp/src/ORM/Table.php(440): Cake\Database\Schema\CachedCollection->describe('usuarios')
#3 /var/www/viralatas/vendor/cakephp/cakephp/src/ORM/Table.php(518): Cake\ORM\Table->schema()
#4 /var/www/viralatas/vendor/cakephp/bake/src/Shell/Task/ModelTask.php(210): Cake\ORM\Table->primaryKey()
#5 /var/www/viralatas/vendor/cakephp/bake/src/Shell/Task/ModelTask.php(127): Bake\Shell\Task\ModelTask->getAssociations(Object(Cake\ORM\Table))
#6 /var/www/viralatas/vendor/cakephp/bake/src/Shell/Task/ModelTask.php(110): Bake\Shell\Task\ModelTask->getTableContext(Object(Cake\ORM\Table), 'usuarios', 'Usuarios')
#7 /var/www/viralatas/vendor/cakephp/bake/src/Shell/Task/ModelTask.php(97): Bake\Shell\Task\ModelTask->bake('Usuarios')
#8 /var/www/viralatas/vendor/cakephp/bake/src/Shell/BakeShell.php(257): Bake\Shell\Task\ModelTask->main('Usuarios')
#9 /var/www/viralatas/vendor/cakephp/cakephp/src/Collection/CollectionTrait.php(52): Bake\Shell\BakeShell->Bake\Shell\{closure}('Usuarios', 0)
#10 /var/www/viralatas/vendor/cakephp/bake/src/Shell/BakeShell.php(260): Cake\Collection\Collection->each(Object(Closure))
#11 [internal function]: Bake\Shell\BakeShell->all('Usuarios')
#12 /var/www/viralatas/vendor/cakephp/cakephp/src/Console/Shell.php(452): call_user_func_array(Array, Array)
#13 /var/www/viralatas/vendor/cakephp/cakephp/src/Console/ShellDispatcher.php(227): Cake\Console\Shell->runCommand(Array, true, Array)
#14 /var/www/viralatas/vendor/cakephp/cakephp/src/Console/ShellDispatcher.php(182): Cake\Console\ShellDispatcher->_dispatch(Array)
#15 /var/www/viralatas/vendor/cakephp/cakephp/src/Console/ShellDispatcher.php(128): Cake\Console\ShellDispatcher->dispatch(Array)
#16 /var/www/viralatas/bin/cake.php(34): Cake\Console\ShellDispatcher::run(Array)
#17 {main}


2016-11-10 22:33:42 Error: [Cake\Database\Exception] SQLSTATE[42S02]: Base table or view not found: 1146 Table 'viralatas.usuarios' doesn't exist
Stack Trace:
#0 /var/www/viralatas/vendor/cakephp/cakephp/src/Database/Schema/Collection.php(97): Cake\Database\Schema\Collection->_reflect('Column', 'usuarios', Array, Object(Cake\Database\Schema\Table))
#1 /var/www/viralatas/vendor/cakephp/cakephp/src/Database/Schema/CachedCollection.php(63): Cake\Database\Schema\Collection->describe('usuarios', Array)
#2 /var/www/viralatas/vendor/cakephp/cakephp/src/ORM/Table.php(440): Cake\Database\Schema\CachedCollection->describe('usuarios')
#3 /var/www/viralatas/vendor/cakephp/cakephp/src/ORM/Table.php(518): Cake\ORM\Table->schema()
#4 /var/www/viralatas/vendor/cakephp/bake/src/Shell/Task/ModelTask.php(210): Cake\ORM\Table->primaryKey()
#5 /var/www/viralatas/vendor/cakephp/bake/src/Shell/Task/ModelTask.php(127): Bake\Shell\Task\ModelTask->getAssociations(Object(Cake\ORM\Table))
#6 /var/www/viralatas/vendor/cakephp/bake/src/Shell/Task/ModelTask.php(110): Bake\Shell\Task\ModelTask->getTableContext(Object(Cake\ORM\Table), 'usuarios', 'Usuarios')
#7 /var/www/viralatas/vendor/cakephp/bake/src/Shell/Task/ModelTask.php(97): Bake\Shell\Task\ModelTask->bake('Usuarios')
#8 /var/www/viralatas/vendor/cakephp/bake/src/Shell/BakeShell.php(257): Bake\Shell\Task\ModelTask->main('Usuarios')
#9 /var/www/viralatas/vendor/cakephp/cakephp/src/Collection/CollectionTrait.php(52): Bake\Shell\BakeShell->Bake\Shell\{closure}('Usuarios', 0)
#10 /var/www/viralatas/vendor/cakephp/bake/src/Shell/BakeShell.php(260): Cake\Collection\Collection->each(Object(Closure))
#11 [internal function]: Bake\Shell\BakeShell->all('Usuarios')
#12 /var/www/viralatas/vendor/cakephp/cakephp/src/Console/Shell.php(452): call_user_func_array(Array, Array)
#13 /var/www/viralatas/vendor/cakephp/cakephp/src/Console/ShellDispatcher.php(227): Cake\Console\Shell->runCommand(Array, true, Array)
#14 /var/www/viralatas/vendor/cakephp/cakephp/src/Console/ShellDispatcher.php(182): Cake\Console\ShellDispatcher->_dispatch(Array)
#15 /var/www/viralatas/vendor/cakephp/cakephp/src/Console/ShellDispatcher.php(128): Cake\Console\ShellDispatcher->dispatch(Array)
#16 /var/www/viralatas/bin/cake.php(34): Cake\Console\ShellDispatcher::run(Array)
#17 {main}


2016-11-10 22:39:55 Error: [Cake\Database\Exception] SQLSTATE[42S02]: Base table or view not found: 1146 Table 'viralatas.usuarios' doesn't exist
Stack Trace:
#0 /var/www/viralatas/vendor/cakephp/cakephp/src/Database/Schema/Collection.php(97): Cake\Database\Schema\Collection->_reflect('Column', 'usuarios', Array, Object(Cake\Database\Schema\Table))
#1 /var/www/viralatas/vendor/cakephp/cakephp/src/Database/Schema/CachedCollection.php(63): Cake\Database\Schema\Collection->describe('usuarios', Array)
#2 /var/www/viralatas/vendor/cakephp/cakephp/src/ORM/Table.php(440): Cake\Database\Schema\CachedCollection->describe('usuarios')
#3 /var/www/viralatas/vendor/cakephp/cakephp/src/ORM/Table.php(518): Cake\ORM\Table->schema()
#4 /var/www/viralatas/vendor/cakephp/bake/src/Shell/Task/ModelTask.php(210): Cake\ORM\Table->primaryKey()
#5 /var/www/viralatas/vendor/cakephp/bake/src/Shell/Task/ModelTask.php(127): Bake\Shell\Task\ModelTask->getAssociations(Object(Cake\ORM\Table))
#6 /var/www/viralatas/vendor/cakephp/bake/src/Shell/Task/ModelTask.php(110): Bake\Shell\Task\ModelTask->getTableContext(Object(Cake\ORM\Table), 'usuarios', 'Usuarios')
#7 /var/www/viralatas/vendor/cakephp/bake/src/Shell/Task/ModelTask.php(97): Bake\Shell\Task\ModelTask->bake('Usuarios')
#8 /var/www/viralatas/vendor/cakephp/bake/src/Shell/BakeShell.php(257): Bake\Shell\Task\ModelTask->main('Usuarios')
#9 /var/www/viralatas/vendor/cakephp/cakephp/src/Collection/CollectionTrait.php(52): Bake\Shell\BakeShell->Bake\Shell\{closure}('Usuarios', 0)
#10 /var/www/viralatas/vendor/cakephp/bake/src/Shell/BakeShell.php(260): Cake\Collection\Collection->each(Object(Closure))
#11 [internal function]: Bake\Shell\BakeShell->all('Usuarios')
#12 /var/www/viralatas/vendor/cakephp/cakephp/src/Console/Shell.php(452): call_user_func_array(Array, Array)
#13 /var/www/viralatas/vendor/cakephp/cakephp/src/Console/ShellDispatcher.php(227): Cake\Console\Shell->runCommand(Array, true, Array)
#14 /var/www/viralatas/vendor/cakephp/cakephp/src/Console/ShellDispatcher.php(182): Cake\Console\ShellDispatcher->_dispatch(Array)
#15 /var/www/viralatas/vendor/cakephp/cakephp/src/Console/ShellDispatcher.php(128): Cake\Console\ShellDispatcher->dispatch(Array)
#16 /var/www/viralatas/bin/cake.php(34): Cake\Console\ShellDispatcher::run(Array)
#17 {main}


2016-11-10 23:19:19 Error: [Cake\Database\Exception] SQLSTATE[42S02]: Base table or view not found: 1146 Table 'viralatas.usuarios' doesn't exist
Stack Trace:
#0 /var/www/viralatas/vendor/cakephp/cakephp/src/Database/Schema/Collection.php(97): Cake\Database\Schema\Collection->_reflect('Column', 'usuarios', Array, Object(Cake\Database\Schema\Table))
#1 /var/www/viralatas/vendor/cakephp/cakephp/src/Database/Schema/CachedCollection.php(63): Cake\Database\Schema\Collection->describe('usuarios', Array)
#2 /var/www/viralatas/vendor/cakephp/cakephp/src/ORM/Table.php(440): Cake\Database\Schema\CachedCollection->describe('usuarios')
#3 /var/www/viralatas/vendor/cakephp/cakephp/src/ORM/Table.php(518): Cake\ORM\Table->schema()
#4 /var/www/viralatas/vendor/cakephp/bake/src/Shell/Task/ModelTask.php(210): Cake\ORM\Table->primaryKey()
#5 /var/www/viralatas/vendor/cakephp/bake/src/Shell/Task/ModelTask.php(127): Bake\Shell\Task\ModelTask->getAssociations(Object(Cake\ORM\Table))
#6 /var/www/viralatas/vendor/cakephp/bake/src/Shell/Task/ModelTask.php(110): Bake\Shell\Task\ModelTask->getTableContext(Object(Cake\ORM\Table), 'usuarios', 'Usuarios')
#7 /var/www/viralatas/vendor/cakephp/bake/src/Shell/Task/ModelTask.php(97): Bake\Shell\Task\ModelTask->bake('Usuarios')
#8 /var/www/viralatas/vendor/cakephp/bake/src/Shell/BakeShell.php(257): Bake\Shell\Task\ModelTask->main('Usuarios')
#9 /var/www/viralatas/vendor/cakephp/cakephp/src/Collection/CollectionTrait.php(52): Bake\Shell\BakeShell->Bake\Shell\{closure}('Usuarios', 0)
#10 /var/www/viralatas/vendor/cakephp/bake/src/Shell/BakeShell.php(260): Cake\Collection\Collection->each(Object(Closure))
#11 [internal function]: Bake\Shell\BakeShell->all('Usuarios')
#12 /var/www/viralatas/vendor/cakephp/cakephp/src/Console/Shell.php(452): call_user_func_array(Array, Array)
#13 /var/www/viralatas/vendor/cakephp/cakephp/src/Console/ShellDispatcher.php(227): Cake\Console\Shell->runCommand(Array, true, Array)
#14 /var/www/viralatas/vendor/cakephp/cakephp/src/Console/ShellDispatcher.php(182): Cake\Console\ShellDispatcher->_dispatch(Array)
#15 /var/www/viralatas/vendor/cakephp/cakephp/src/Console/ShellDispatcher.php(128): Cake\Console\ShellDispatcher->dispatch(Array)
#16 /var/www/viralatas/bin/cake.php(34): Cake\Console\ShellDispatcher::run(Array)
#17 {main}


2016-11-10 23:21:54 Error: [Cake\Database\Exception] SQLSTATE[42S02]: Base table or view not found: 1146 Table 'bookmarks.usuarios' doesn't exist
Stack Trace:
#0 /var/www/viralatas/vendor/cakephp/cakephp/src/Database/Schema/Collection.php(97): Cake\Database\Schema\Collection->_reflect('Column', 'usuarios', Array, Object(Cake\Database\Schema\Table))
#1 /var/www/viralatas/vendor/cakephp/cakephp/src/Database/Schema/CachedCollection.php(63): Cake\Database\Schema\Collection->describe('usuarios', Array)
#2 /var/www/viralatas/vendor/cakephp/cakephp/src/ORM/Table.php(440): Cake\Database\Schema\CachedCollection->describe('usuarios')
#3 /var/www/viralatas/vendor/cakephp/cakephp/src/ORM/Table.php(518): Cake\ORM\Table->schema()
#4 /var/www/viralatas/vendor/cakephp/bake/src/Shell/Task/ModelTask.php(210): Cake\ORM\Table->primaryKey()
#5 /var/www/viralatas/vendor/cakephp/bake/src/Shell/Task/ModelTask.php(127): Bake\Shell\Task\ModelTask->getAssociations(Object(Cake\ORM\Table))
#6 /var/www/viralatas/vendor/cakephp/bake/src/Shell/Task/ModelTask.php(110): Bake\Shell\Task\ModelTask->getTableContext(Object(Cake\ORM\Table), 'usuarios', 'Usuarios')
#7 /var/www/viralatas/vendor/cakephp/bake/src/Shell/Task/ModelTask.php(97): Bake\Shell\Task\ModelTask->bake('Usuarios')
#8 /var/www/viralatas/vendor/cakephp/bake/src/Shell/BakeShell.php(257): Bake\Shell\Task\ModelTask->main('Usuarios')
#9 /var/www/viralatas/vendor/cakephp/cakephp/src/Collection/CollectionTrait.php(52): Bake\Shell\BakeShell->Bake\Shell\{closure}('Usuarios', 0)
#10 /var/www/viralatas/vendor/cakephp/bake/src/Shell/BakeShell.php(260): Cake\Collection\Collection->each(Object(Closure))
#11 [internal function]: Bake\Shell\BakeShell->all('Usuarios')
#12 /var/www/viralatas/vendor/cakephp/cakephp/src/Console/Shell.php(452): call_user_func_array(Array, Array)
#13 /var/www/viralatas/vendor/cakephp/cakephp/src/Console/ShellDispatcher.php(227): Cake\Console\Shell->runCommand(Array, true, Array)
#14 /var/www/viralatas/vendor/cakephp/cakephp/src/Console/ShellDispatcher.php(182): Cake\Console\ShellDispatcher->_dispatch(Array)
#15 /var/www/viralatas/vendor/cakephp/cakephp/src/Console/ShellDispatcher.php(128): Cake\Console\ShellDispatcher->dispatch(Array)
#16 /var/www/viralatas/bin/cake.php(34): Cake\Console\ShellDispatcher::run(Array)
#17 {main}


2016-11-10 23:45:46 Error: [Cake\Database\Exception] SQLSTATE[42S02]: Base table or view not found: 1146 Table 'viralatas.solicitacao_adotantes' doesn't exist
Stack Trace:
#0 /var/www/viralatas/vendor/cakephp/cakephp/src/Database/Schema/Collection.php(97): Cake\Database\Schema\Collection->_reflect('Column', 'solicitacao_ado...', Array, Object(Cake\Database\Schema\Table))
#1 /var/www/viralatas/vendor/cakephp/cakephp/src/Database/Schema/CachedCollection.php(63): Cake\Database\Schema\Collection->describe('solicitacao_ado...', Array)
#2 /var/www/viralatas/vendor/cakephp/cakephp/src/ORM/Table.php(440): Cake\Database\Schema\CachedCollection->describe('solicitacao_ado...')
#3 /var/www/viralatas/vendor/cakephp/cakephp/src/ORM/Table.php(518): Cake\ORM\Table->schema()
#4 /var/www/viralatas/vendor/cakephp/bake/src/Shell/Task/ModelTask.php(210): Cake\ORM\Table->primaryKey()
#5 /var/www/viralatas/vendor/cakephp/bake/src/Shell/Task/ModelTask.php(127): Bake\Shell\Task\ModelTask->getAssociations(Object(Cake\ORM\Table))
#6 /var/www/viralatas/vendor/cakephp/bake/src/Shell/Task/ModelTask.php(110): Bake\Shell\Task\ModelTask->getTableContext(Object(Cake\ORM\Table), 'solicitacao_ado...', 'SolicitacaoAdot...')
#7 /var/www/viralatas/vendor/cakephp/bake/src/Shell/Task/ModelTask.php(97): Bake\Shell\Task\ModelTask->bake('SolicitacaoAdot...')
#8 /var/www/viralatas/vendor/cakephp/bake/src/Shell/BakeShell.php(257): Bake\Shell\Task\ModelTask->main('SolicitacaoAdot...')
#9 /var/www/viralatas/vendor/cakephp/cakephp/src/Collection/CollectionTrait.php(52): Bake\Shell\BakeShell->Bake\Shell\{closure}('SolicitacaoAdot...', 0)
#10 /var/www/viralatas/vendor/cakephp/bake/src/Shell/BakeShell.php(260): Cake\Collection\Collection->each(Object(Closure))
#11 [internal function]: Bake\Shell\BakeShell->all('solicitacao_ado...')
#12 /var/www/viralatas/vendor/cakephp/cakephp/src/Console/Shell.php(452): call_user_func_array(Array, Array)
#13 /var/www/viralatas/vendor/cakephp/cakephp/src/Console/ShellDispatcher.php(227): Cake\Console\Shell->runCommand(Array, true, Array)
#14 /var/www/viralatas/vendor/cakephp/cakephp/src/Console/ShellDispatcher.php(182): Cake\Console\ShellDispatcher->_dispatch(Array)
#15 /var/www/viralatas/vendor/cakephp/cakephp/src/Console/ShellDispatcher.php(128): Cake\Console\ShellDispatcher->dispatch(Array)
#16 /var/www/viralatas/bin/cake.php(34): Cake\Console\ShellDispatcher::run(Array)
#17 {main}


2016-11-10 23:46:16 Error: [Cake\Database\Exception] SQLSTATE[42S02]: Base table or view not found: 1146 Table 'viralatas.tipo_moradia' doesn't exist
Stack Trace:
#0 /var/www/viralatas/vendor/cakephp/cakephp/src/Database/Schema/Collection.php(97): Cake\Database\Schema\Collection->_reflect('Column', 'tipo_moradia', Array, Object(Cake\Database\Schema\Table))
#1 /var/www/viralatas/vendor/cakephp/cakephp/src/Database/Schema/CachedCollection.php(63): Cake\Database\Schema\Collection->describe('tipo_moradia', Array)
#2 /var/www/viralatas/vendor/cakephp/cakephp/src/ORM/Table.php(440): Cake\Database\Schema\CachedCollection->describe('tipo_moradia')
#3 /var/www/viralatas/vendor/cakephp/cakephp/src/ORM/Table.php(518): Cake\ORM\Table->schema()
#4 /var/www/viralatas/vendor/cakephp/bake/src/Shell/Task/ModelTask.php(210): Cake\ORM\Table->primaryKey()
#5 /var/www/viralatas/vendor/cakephp/bake/src/Shell/Task/ModelTask.php(127): Bake\Shell\Task\ModelTask->getAssociations(Object(Cake\ORM\Table))
#6 /var/www/viralatas/vendor/cakephp/bake/src/Shell/Task/ModelTask.php(110): Bake\Shell\Task\ModelTask->getTableContext(Object(Cake\ORM\Table), 'tipo_moradia', 'TipoMoradia')
#7 /var/www/viralatas/vendor/cakephp/bake/src/Shell/Task/ModelTask.php(97): Bake\Shell\Task\ModelTask->bake('TipoMoradia')
#8 /var/www/viralatas/vendor/cakephp/bake/src/Shell/BakeShell.php(257): Bake\Shell\Task\ModelTask->main('TipoMoradia')
#9 /var/www/viralatas/vendor/cakephp/cakephp/src/Collection/CollectionTrait.php(52): Bake\Shell\BakeShell->Bake\Shell\{closure}('TipoMoradia', 0)
#10 /var/www/viralatas/vendor/cakephp/bake/src/Shell/BakeShell.php(260): Cake\Collection\Collection->each(Object(Closure))
#11 [internal function]: Bake\Shell\BakeShell->all('tipo_moradia')
#12 /var/www/viralatas/vendor/cakephp/cakephp/src/Console/Shell.php(452): call_user_func_array(Array, Array)
#13 /var/www/viralatas/vendor/cakephp/cakephp/src/Console/ShellDispatcher.php(227): Cake\Console\Shell->runCommand(Array, true, Array)
#14 /var/www/viralatas/vendor/cakephp/cakephp/src/Console/ShellDispatcher.php(182): Cake\Console\ShellDispatcher->_dispatch(Array)
#15 /var/www/viralatas/vendor/cakephp/cakephp/src/Console/ShellDispatcher.php(128): Cake\Console\ShellDispatcher->dispatch(Array)
#16 /var/www/viralatas/bin/cake.php(34): Cake\Console\ShellDispatcher::run(Array)
#17 {main}


