2016-11-10 23:47:10 Warning: DebugKit not enabled. You need to either install pdo_sqlite, or define the "debug_kit" connection name.
2016-11-10 23:47:11 Error: [Cake\Routing\Exception\MissingControllerException] Controller class Viralata could not be found.
Exception Attributes: array (
  'class' => 'Viralata',
  'plugin' => false,
  'prefix' => false,
  '_ext' => false,
)
Request URL: /viralata
Stack Trace:
#0 /var/www/viralatas/vendor/cakephp/cakephp/src/Http/ControllerFactory.php(72): Cake\Http\ControllerFactory->missingController(Object(Cake\Network\Request))
#1 /var/www/viralatas/vendor/cakephp/cakephp/src/Http/ActionDispatcher.php(93): Cake\Http\ControllerFactory->create(Object(Cake\Network\Request), Object(Cake\Network\Response))
#2 /var/www/viralatas/vendor/cakephp/cakephp/src/Http/BaseApplication.php(83): Cake\Http\ActionDispatcher->dispatch(Object(Cake\Network\Request), Object(Cake\Network\Response))
#3 /var/www/viralatas/vendor/cakephp/cakephp/src/Http/Runner.php(65): Cake\Http\BaseApplication->__invoke(Object(Zend\Diactoros\ServerRequest), Object(Zend\Diactoros\Response), Object(Cake\Http\Runner))
#4 /var/www/viralatas/vendor/cakephp/cakephp/src/Routing/Middleware/RoutingMiddleware.php(62): Cake\Http\Runner->__invoke(Object(Zend\Diactoros\ServerRequest), Object(Zend\Diactoros\Response))
#5 /var/www/viralatas/vendor/cakephp/cakephp/src/Http/Runner.php(65): Cake\Routing\Middleware\RoutingMiddleware->__invoke(Object(Zend\Diactoros\ServerRequest), Object(Zend\Diactoros\Response), Object(Cake\Http\Runner))
#6 /var/www/viralatas/vendor/cakephp/cakephp/src/Routing/Middleware/AssetMiddleware.php(88): Cake\Http\Runner->__invoke(Object(Zend\Diactoros\ServerRequest), Object(Zend\Diactoros\Response))
#7 /var/www/viralatas/vendor/cakephp/cakephp/src/Http/Runner.php(65): Cake\Routing\Middleware\AssetMiddleware->__invoke(Object(Zend\Diactoros\ServerRequest), Object(Zend\Diactoros\Response), Object(Cake\Http\Runner))
#8 /var/www/viralatas/vendor/cakephp/cakephp/src/Error/Middleware/ErrorHandlerMiddleware.php(81): Cake\Http\Runner->__invoke(Object(Zend\Diactoros\ServerRequest), Object(Zend\Diactoros\Response))
#9 /var/www/viralatas/vendor/cakephp/cakephp/src/Http/Runner.php(65): Cake\Error\Middleware\ErrorHandlerMiddleware->__invoke(Object(Zend\Diactoros\ServerRequest), Object(Zend\Diactoros\Response), Object(Cake\Http\Runner))
#10 /var/www/viralatas/vendor/cakephp/cakephp/src/Http/Runner.php(51): Cake\Http\Runner->__invoke(Object(Zend\Diactoros\ServerRequest), Object(Zend\Diactoros\Response))
#11 /var/www/viralatas/vendor/cakephp/cakephp/src/Http/Server.php(92): Cake\Http\Runner->run(Object(Cake\Http\MiddlewareQueue), Object(Zend\Diactoros\ServerRequest), Object(Zend\Diactoros\Response))
#12 /var/www/viralatas/webroot/index.php(37): Cake\Http\Server->run()
#13 {main}


2016-11-10 23:47:26 Warning: DebugKit not enabled. You need to either install pdo_sqlite, or define the "debug_kit" connection name.
2016-11-10 23:47:26 Error: [Cake\Routing\Exception\MissingControllerException] Controller class Usuario could not be found.
Exception Attributes: array (
  'class' => 'Usuario',
  'plugin' => false,
  'prefix' => false,
  '_ext' => false,
)
Request URL: /usuario
Stack Trace:
#0 /var/www/viralatas/vendor/cakephp/cakephp/src/Http/ControllerFactory.php(72): Cake\Http\ControllerFactory->missingController(Object(Cake\Network\Request))
#1 /var/www/viralatas/vendor/cakephp/cakephp/src/Http/ActionDispatcher.php(93): Cake\Http\ControllerFactory->create(Object(Cake\Network\Request), Object(Cake\Network\Response))
#2 /var/www/viralatas/vendor/cakephp/cakephp/src/Http/BaseApplication.php(83): Cake\Http\ActionDispatcher->dispatch(Object(Cake\Network\Request), Object(Cake\Network\Response))
#3 /var/www/viralatas/vendor/cakephp/cakephp/src/Http/Runner.php(65): Cake\Http\BaseApplication->__invoke(Object(Zend\Diactoros\ServerRequest), Object(Zend\Diactoros\Response), Object(Cake\Http\Runner))
#4 /var/www/viralatas/vendor/cakephp/cakephp/src/Routing/Middleware/RoutingMiddleware.php(62): Cake\Http\Runner->__invoke(Object(Zend\Diactoros\ServerRequest), Object(Zend\Diactoros\Response))
#5 /var/www/viralatas/vendor/cakephp/cakephp/src/Http/Runner.php(65): Cake\Routing\Middleware\RoutingMiddleware->__invoke(Object(Zend\Diactoros\ServerRequest), Object(Zend\Diactoros\Response), Object(Cake\Http\Runner))
#6 /var/www/viralatas/vendor/cakephp/cakephp/src/Routing/Middleware/AssetMiddleware.php(88): Cake\Http\Runner->__invoke(Object(Zend\Diactoros\ServerRequest), Object(Zend\Diactoros\Response))
#7 /var/www/viralatas/vendor/cakephp/cakephp/src/Http/Runner.php(65): Cake\Routing\Middleware\AssetMiddleware->__invoke(Object(Zend\Diactoros\ServerRequest), Object(Zend\Diactoros\Response), Object(Cake\Http\Runner))
#8 /var/www/viralatas/vendor/cakephp/cakephp/src/Error/Middleware/ErrorHandlerMiddleware.php(81): Cake\Http\Runner->__invoke(Object(Zend\Diactoros\ServerRequest), Object(Zend\Diactoros\Response))
#9 /var/www/viralatas/vendor/cakephp/cakephp/src/Http/Runner.php(65): Cake\Error\Middleware\ErrorHandlerMiddleware->__invoke(Object(Zend\Diactoros\ServerRequest), Object(Zend\Diactoros\Response), Object(Cake\Http\Runner))
#10 /var/www/viralatas/vendor/cakephp/cakephp/src/Http/Runner.php(51): Cake\Http\Runner->__invoke(Object(Zend\Diactoros\ServerRequest), Object(Zend\Diactoros\Response))
#11 /var/www/viralatas/vendor/cakephp/cakephp/src/Http/Server.php(92): Cake\Http\Runner->run(Object(Cake\Http\MiddlewareQueue), Object(Zend\Diactoros\ServerRequest), Object(Zend\Diactoros\Response))
#12 /var/www/viralatas/webroot/index.php(37): Cake\Http\Server->run()
#13 {main}


2016-11-10 23:47:29 Warning: DebugKit not enabled. You need to either install pdo_sqlite, or define the "debug_kit" connection name.
2016-11-10 23:47:46 Warning: DebugKit not enabled. You need to either install pdo_sqlite, or define the "debug_kit" connection name.
2016-11-10 23:47:58 Warning: DebugKit not enabled. You need to either install pdo_sqlite, or define the "debug_kit" connection name.
2016-11-10 23:48:10 Warning: DebugKit not enabled. You need to either install pdo_sqlite, or define the "debug_kit" connection name.
2016-11-10 23:48:41 Warning: DebugKit not enabled. You need to either install pdo_sqlite, or define the "debug_kit" connection name.
2016-11-10 23:48:52 Warning: DebugKit not enabled. You need to either install pdo_sqlite, or define the "debug_kit" connection name.
2016-11-10 23:49:10 Warning: DebugKit not enabled. You need to either install pdo_sqlite, or define the "debug_kit" connection name.
2016-11-10 23:49:20 Warning: DebugKit not enabled. You need to either install pdo_sqlite, or define the "debug_kit" connection name.
2016-11-10 23:50:02 Warning: DebugKit not enabled. You need to either install pdo_sqlite, or define the "debug_kit" connection name.
